<?xml version="1.0" encoding="UTF-8"?>
<testng-results skipped="0" failed="0" ignored="0" total="1" passed="1">
  <reporter-output>
  </reporter-output>
  <suite name="Default suite" duration-ms="9294" started-at="2020-04-17T20:23:29 IST" finished-at="2020-04-17T20:23:38 IST">
    <groups>
    </groups>
    <test name="Default test" duration-ms="9294" started-at="2020-04-17T20:23:29 IST" finished-at="2020-04-17T20:23:38 IST">
      <class name="com.krn.actitime.task.createTask">
        <test-method status="PASS" signature="testCreateTask()[pri:0, instance:com.krn.actitime.task.createTask@6895a785]" name="testCreateTask" duration-ms="9228" started-at="2020-04-17T20:23:29 IST" finished-at="2020-04-17T20:23:38 IST">
          <reporter-output>
          </reporter-output>
        </test-method> <!-- testCreateTask -->
      </class> <!-- com.krn.actitime.task.createTask -->
    </test> <!-- Default test -->
  </suite> <!-- Default suite -->
</testng-results>
